This is pdfTeX, Version 3.14159265-2.6-1.40.20 (MiKTeX 2.9.6960 64-bit) (preloaded format=pdflatex 2019.1.31)  9 JUL 2022 00:11
entering extended mode
**./writeup.tex
(writeup.tex
LaTeX2e <2018-12-01>
("C:\Program Files\MiKTeX 2.9\tex/latex/amscls\amsart.cls"
Document Class: amsart 2017/10/31 v2.20.4
\linespacing=\dimen102
\normalparindent=\dimen103
\normaltopskip=\skip41
("C:\Program Files\MiKTeX 2.9\tex/latex/amsmath\amsmath.sty"
Package: amsmath 2018/12/01 v2.17b AMS math features
\@mathmargin=\skip42

For additional information on amsmath, use the `?' option.
("C:\Program Files\MiKTeX 2.9\tex/latex/amsmath\amstext.sty"
Package: amstext 2000/06/29 v2.01 AMS text

("C:\Program Files\MiKTeX 2.9\tex/latex/amsmath\amsgen.sty"
File: amsgen.sty 1999/11/30 v2.0 generic functions
\@emptytoks=\toks14
\ex@=\dimen104
))
("C:\Program Files\MiKTeX 2.9\tex/latex/amsmath\amsbsy.sty"
Package: amsbsy 1999/11/29 v1.2d Bold Symbols
\pmbraise@=\dimen105
)
("C:\Program Files\MiKTeX 2.9\tex/latex/amsmath\amsopn.sty"
Package: amsopn 2016/03/08 v2.02 operator names
)
\inf@bad=\count80
LaTeX Info: Redefining \frac on input line 223.
\uproot@=\count81
\leftroot@=\count82
LaTeX Info: Redefining \overline on input line 385.
\classnum@=\count83
\DOTSCASE@=\count84
LaTeX Info: Redefining \ldots on input line 482.
LaTeX Info: Redefining \dots on input line 485.
LaTeX Info: Redefining \cdots on input line 606.
\Mathstrutbox@=\box27
\strutbox@=\box28
\big@size=\dimen106
LaTeX Font Info:    Redeclaring font encoding OML on input line 729.
LaTeX Font Info:    Redeclaring font encoding OMS on input line 730.
\macc@depth=\count85
\c@MaxMatrixCols=\count86
\dotsspace@=\muskip10
\c@parentequation=\count87
\dspbrk@lvl=\count88
\tag@help=\toks15
\row@=\count89
\column@=\count90
\maxfields@=\count91
\andhelp@=\toks16
\eqnshift@=\dimen107
\alignsep@=\dimen108
\tagshift@=\dimen109
\tagwidth@=\dimen110
\totwidth@=\dimen111
\lineht@=\dimen112
\@envbody=\toks17
\multlinegap=\skip43
\multlinetaggap=\skip44
\mathdisplay@stack=\toks18
LaTeX Info: Redefining \[ on input line 2844.
LaTeX Info: Redefining \] on input line 2845.
)
LaTeX Font Info:    Try loading font information for U+msa on input line 398.

("C:\Program Files\MiKTeX 2.9\tex/latex/amsfonts\umsa.fd"
File: umsa.fd 2013/01/14 v3.01 AMS symbols A
)
("C:\Program Files\MiKTeX 2.9\tex/latex/amsfonts\amsfonts.sty"
Package: amsfonts 2013/01/14 v3.01 Basic AMSFonts support
\symAMSa=\mathgroup4
\symAMSb=\mathgroup5
LaTeX Font Info:    Overwriting math alphabet `\mathfrak' in version `bold'
(Font)                  U/euf/m/n --> U/euf/b/n on input line 106.
)
\copyins=\insert199
\abstractbox=\box29
\listisep=\skip45
\c@part=\count92
\c@section=\count93
\c@subsection=\count94
\c@subsubsection=\count95
\c@paragraph=\count96
\c@subparagraph=\count97
\c@figure=\count98
\c@table=\count99
\abovecaptionskip=\skip46
\belowcaptionskip=\skip47
\captionindent=\dimen113
\thm@style=\toks19
\thm@bodyfont=\toks20
\thm@headfont=\toks21
\thm@notefont=\toks22
\thm@headpunct=\toks23
\thm@preskip=\skip48
\thm@postskip=\skip49
\thm@headsep=\skip50
\dth@everypar=\toks24
)
("C:\Program Files\MiKTeX 2.9\tex/latex/hyperref\hyperref.sty"
Package: hyperref 2018/11/30 v6.88e Hypertext links for LaTeX

("C:\Program Files\MiKTeX 2.9\tex/generic/oberdiek\hobsub-hyperref.sty"
Package: hobsub-hyperref 2016/05/16 v1.14 Bundle oberdiek, subset hyperref (HO)


("C:\Program Files\MiKTeX 2.9\tex/generic/oberdiek\hobsub-generic.sty"
Package: hobsub-generic 2016/05/16 v1.14 Bundle oberdiek, subset generic (HO)
Package: hobsub 2016/05/16 v1.14 Construct package bundles (HO)
Package: infwarerr 2016/05/16 v1.4 Providing info/warning/error messages (HO)
Package: ltxcmds 2016/05/16 v1.23 LaTeX kernel commands for general use (HO)
Package: ifluatex 2016/05/16 v1.4 Provides the ifluatex switch (HO)
Package ifluatex Info: LuaTeX not detected.
Package: ifvtex 2016/05/16 v1.6 Detect VTeX and its facilities (HO)
Package ifvtex Info: VTeX not detected.
Package: intcalc 2016/05/16 v1.2 Expandable calculations with integers (HO)
Package: ifpdf 2018/09/07 v3.3 Provides the ifpdf switch
Package: etexcmds 2016/05/16 v1.6 Avoid name clashes with e-TeX commands (HO)
Package: kvsetkeys 2016/05/16 v1.17 Key value parser (HO)
Package: kvdefinekeys 2016/05/16 v1.4 Define keys (HO)
Package: pdftexcmds 2018/09/10 v0.29 Utility functions of pdfTeX for LuaTeX (HO
)
Package pdftexcmds Info: LuaTeX not detected.
Package pdftexcmds Info: \pdf@primitive is available.
Package pdftexcmds Info: \pdf@ifprimitive is available.
Package pdftexcmds Info: \pdfdraftmode found.
Package: pdfescape 2016/05/16 v1.14 Implements pdfTeX's escape features (HO)
Package: bigintcalc 2016/05/16 v1.4 Expandable calculations on big integers (HO
)
Package: bitset 2016/05/16 v1.2 Handle bit-vector datatype (HO)
Package: uniquecounter 2016/05/16 v1.3 Provide unlimited unique counter (HO)
)
Package hobsub Info: Skipping package `hobsub' (already loaded).
Package: letltxmacro 2016/05/16 v1.5 Let assignment for LaTeX macros (HO)
Package: hopatch 2016/05/16 v1.3 Wrapper for package hooks (HO)
Package: xcolor-patch 2016/05/16 xcolor patch
Package: atveryend 2016/05/16 v1.9 Hooks at the very end of document (HO)
Package atveryend Info: \enddocument detected (standard20110627).
Package: atbegshi 2016/06/09 v1.18 At begin shipout hook (HO)
Package: refcount 2016/05/16 v3.5 Data extraction from label references (HO)
Package: hycolor 2016/05/16 v1.8 Color options for hyperref/bookmark (HO)
)
("C:\Program Files\MiKTeX 2.9\tex/latex/graphics\keyval.sty"
Package: keyval 2014/10/28 v1.15 key=value parser (DPC)
\KV@toks@=\toks25
)
("C:\Program Files\MiKTeX 2.9\tex/generic/ifxetex\ifxetex.sty"
Package: ifxetex 2010/09/12 v0.6 Provides ifxetex conditional
)
("C:\Program Files\MiKTeX 2.9\tex/latex/oberdiek\auxhook.sty"
Package: auxhook 2016/05/16 v1.4 Hooks for auxiliary files (HO)
)
("C:\Program Files\MiKTeX 2.9\tex/latex/oberdiek\kvoptions.sty"
Package: kvoptions 2016/05/16 v3.12 Key value format for package options (HO)
)
\@linkdim=\dimen114
\Hy@linkcounter=\count100
\Hy@pagecounter=\count101

("C:\Program Files\MiKTeX 2.9\tex/latex/hyperref\pd1enc.def"
File: pd1enc.def 2018/11/30 v6.88e Hyperref: PDFDocEncoding definition (HO)
Now handling font encoding PD1 ...
... no UTF-8 mapping file for font encoding PD1
)
\Hy@SavedSpaceFactor=\count102

("C:\Program Files\MiKTeX 2.9\tex/latex/00miktex\hyperref.cfg"
File: hyperref.cfg 2002/06/06 v1.2 hyperref configuration of TeXLive
)
Package hyperref Info: Hyper figures OFF on input line 4519.
Package hyperref Info: Link nesting OFF on input line 4524.
Package hyperref Info: Hyper index ON on input line 4527.
Package hyperref Info: Plain pages OFF on input line 4534.
Package hyperref Info: Backreferencing OFF on input line 4539.
Package hyperref Info: Implicit mode ON; LaTeX internals redefined.
Package hyperref Info: Bookmarks ON on input line 4772.
\c@Hy@tempcnt=\count103

("C:\Program Files\MiKTeX 2.9\tex/latex/url\url.sty"
\Urlmuskip=\muskip11
Package: url 2013/09/16  ver 3.4  Verb mode for urls, etc.
)
LaTeX Info: Redefining \url on input line 5125.
\XeTeXLinkMargin=\dimen115
\Fld@menulength=\count104
\Field@Width=\dimen116
\Fld@charsize=\dimen117
Package hyperref Info: Hyper figures OFF on input line 6380.
Package hyperref Info: Link nesting OFF on input line 6385.
Package hyperref Info: Hyper index ON on input line 6388.
Package hyperref Info: backreferencing OFF on input line 6395.
Package hyperref Info: Link coloring OFF on input line 6400.
Package hyperref Info: Link coloring with OCG OFF on input line 6405.
Package hyperref Info: PDF/A mode OFF on input line 6410.
LaTeX Info: Redefining \ref on input line 6450.
LaTeX Info: Redefining \pageref on input line 6454.
\Hy@abspage=\count105
\c@Item=\count106
\c@Hfootnote=\count107
)
Package hyperref Info: Driver (autodetected): hpdftex.

("C:\Program Files\MiKTeX 2.9\tex/latex/hyperref\hpdftex.def"
File: hpdftex.def 2018/11/30 v6.88e Hyperref driver for pdfTeX
\Fld@listcount=\count108
\c@bookmark@seq@number=\count109

("C:\Program Files\MiKTeX 2.9\tex/latex/oberdiek\rerunfilecheck.sty"
Package: rerunfilecheck 2016/05/16 v1.8 Rerun checks for auxiliary files (HO)
Package uniquecounter Info: New unique counter `rerunfilecheck' on input line 2
82.
)
\Hy@SectionHShift=\skip51
)
("C:\Program Files\MiKTeX 2.9\tex/latex/tools\verbatim.sty"
Package: verbatim 2014/10/28 v1.5q LaTeX2e package for verbatim enhancements
\every@verbatim=\toks26
\verbatim@line=\toks27
\verbatim@in@stream=\read1
) (writeup.aux)
\openout1 = `writeup.aux'.

LaTeX Font Info:    Checking defaults for OML/cmm/m/it on input line 3.
LaTeX Font Info:    ... okay on input line 3.
LaTeX Font Info:    Checking defaults for T1/cmr/m/n on input line 3.
LaTeX Font Info:    ... okay on input line 3.
LaTeX Font Info:    Checking defaults for OT1/cmr/m/n on input line 3.
LaTeX Font Info:    ... okay on input line 3.
LaTeX Font Info:    Checking defaults for OMS/cmsy/m/n on input line 3.
LaTeX Font Info:    ... okay on input line 3.
LaTeX Font Info:    Checking defaults for OMX/cmex/m/n on input line 3.
LaTeX Font Info:    ... okay on input line 3.
LaTeX Font Info:    Checking defaults for U/cmr/m/n on input line 3.
LaTeX Font Info:    ... okay on input line 3.
LaTeX Font Info:    Checking defaults for PD1/pdf/m/n on input line 3.
LaTeX Font Info:    ... okay on input line 3.
LaTeX Font Info:    Try loading font information for U+msa on input line 3.

("C:\Program Files\MiKTeX 2.9\tex/latex/amsfonts\umsa.fd"
File: umsa.fd 2013/01/14 v3.01 AMS symbols A
)
LaTeX Font Info:    Try loading font information for U+msb on input line 3.

("C:\Program Files\MiKTeX 2.9\tex/latex/amsfonts\umsb.fd"
File: umsb.fd 2013/01/14 v3.01 AMS symbols B
)
\AtBeginShipoutBox=\box30
Package hyperref Info: Link coloring OFF on input line 3.

("C:\Program Files\MiKTeX 2.9\tex/latex/hyperref\nameref.sty"
Package: nameref 2016/05/21 v2.44 Cross-referencing by name of section

("C:\Program Files\MiKTeX 2.9\tex/generic/oberdiek\gettitlestring.sty"
Package: gettitlestring 2016/05/16 v1.5 Cleanup title references (HO)
)
\c@section@level=\count110
)
LaTeX Info: Redefining \ref on input line 3.
LaTeX Info: Redefining \pageref on input line 3.
LaTeX Info: Redefining \nameref on input line 3.

(writeup.out) (writeup.out)
\@outlinefile=\write3
\openout3 = `writeup.out'.


Underfull \hbox (badness 10000) in paragraph at lines 6--7

 []


Underfull \hbox (badness 10000) in paragraph at lines 18--19

 []

(1_EDA.tex
Overfull \hbox (19.41339pt too wide) in paragraph at lines 8--8
[]\OT1/cmtt/m/n/10.95 # This notebook passes through each features in the used 
car data.[] 
 []

[1{C:/Users/David/AppData/Local/MiKTeX/2.9/pdftex/config/pdftex.map}]
Overfull \hbox (59.6542pt too wide) in paragraph at lines 60--60
[]\OT1/cmtt/m/n/10.95 # 'ListingID' monotonically increases, approxmately linea
rly, with index.[] 
 []


Underfull \vbox (badness 10000) has occurred while \output is active []

 [2]
Overfull \hbox (88.39764pt too wide) in paragraph at lines 74--74
[]\OT1/cmtt/m/n/10.95 #The distribution of the increase is exponentially decayi
ng with larger skips.[] 
 []


Overfull \hbox (168.87927pt too wide) in paragraph at lines 79--79
[]\OT1/cmtt/m/n/10.95 # These all appear to be USA cities. Top represented citi
es largely not from the west coast?[] 
 []


Overfull \hbox (25.16208pt too wide) in paragraph at lines 84--84
[]\OT1/cmtt/m/n/10.95 #plot number of instances of sales from the most represen
ted cities[] 
 []


Overfull \hbox (48.15683pt too wide) in paragraph at lines 87--87
[]\OT1/cmtt/m/n/10.95 plt.barh(scvaluecounts.index[:plot_limit], scvaluecounts[
:plot_limit]);[] 
 []


Underfull \vbox (badness 10000) has occurred while \output is active []

 [3]
Overfull \hbox (249.3609pt too wide) in paragraph at lines 126--126
[]\OT1/cmtt/m/n/10.95 # plot how many sales come from a city with X sales (prod
uct of representation above with number of sales)[] 
 []


Overfull \hbox (226.36615pt too wide) in paragraph at lines 127--127
[]\OT1/cmtt/m/n/10.95 # the characteristic log shape for higher X comes from th
e values with only one city with that number.[] 
 []


Overfull \hbox (243.61221pt too wide) in paragraph at lines 136--136
[]\OT1/cmtt/m/n/10.95 #the above might be a bit deceptive. look at a histogram 
to account for the different density of numbers.[] 
 []


Overfull \hbox (30.91077pt too wide) in paragraph at lines 146--146
[]\OT1/cmtt/m/n/10.95 # is there anything special about being sold from a high-
sales city?[] 
 []


Overfull \hbox (301.09909pt too wide) in paragraph at lines 148--148
[]\OT1/cmtt/m/n/10.95 hi_sales_cities = traindf['SellerCity'].value_counts()[tr
aindf['SellerCity'].value_counts() > hi_sale_cutoff].index[] 
 []


Underfull \vbox (badness 10000) has occurred while \output is active []

 [4]
Overfull \hbox (2.16733pt too wide) in paragraph at lines 160--160
[]\OT1/cmtt/m/n/10.95 #get sales statistics only from high-sales (>10 records) 
cities[] 
 []


Overfull \hbox (186.12534pt too wide) in paragraph at lines 161--161
[]\OT1/cmtt/m/n/10.95 traindf[traindf['SellerCity'].apply(lambda city: city in 
hi_sales_cities.to_list())].describe()[] 
 []


Overfull \hbox (209.12009pt too wide) in paragraph at lines 168--168
[]\OT1/cmtt/m/n/10.95 traindf[traindf['SellerCity'].apply(lambda city: city not
 in hi_sales_cities.to_list())].describe()[] 
 []


Overfull \hbox (439.0676pt too wide) in paragraph at lines 174--174
[]\OT1/cmtt/m/n/10.95 #with this (admittedly arbitrary) cutoff of cities with >
10 sales in the set, cutting the records in about half, the mean dealer list pr
ice[] 
 []


Overfull \hbox (421.82153pt too wide) in paragraph at lines 181--181
[]\OT1/cmtt/m/n/10.95 #look at mean dealer sales for each city. look at high sa
les cities only since the mean isn't too meaningful for lower sales count ones.
[] 
 []


Overfull \hbox (59.6542pt too wide) in paragraph at lines 186--186
[]\OT1/cmtt/m/n/10.95 traindf.loc[traindf['SellerCity'] == city, 'Dealer_Listin
g_Price'].mean()[] 
 []


Underfull \vbox (badness 10000) has occurred while \output is active []

 [5]
Overfull \hbox (306.84778pt too wide) in paragraph at lines 203--203
[]\OT1/cmtt/m/n/10.95 #it looks like number of sales and the sale mean aren't r
elated. Although higher sale count cities appear to be more[] 
 []


Overfull \hbox (25.16208pt too wide) in paragraph at lines 204--204
[]\OT1/cmtt/m/n/10.95 #in the middle, this is likely an artifact of averaging m
ore sales.[] 
 []


Overfull \hbox (71.15158pt too wide) in paragraph at lines 215--215
[]\OT1/cmtt/m/n/10.95 #Only 14 of the listings are listed as private. This may 
cause overfitting.[] 
 []


Overfull \hbox (111.3924pt too wide) in paragraph at lines 223--223
[]\OT1/cmtt/m/n/10.95 privateprices = traindf.loc[traindf['SellerIsPriv'] == 1,
 'Dealer_Listing_Price' ][] 
 []


Underfull \vbox (badness 10000) has occurred while \output is active []

 [6]
Overfull \hbox (53.90552pt too wide) in paragraph at lines 254--254
[]\OT1/cmtt/m/n/10.95 # These also have SellerZip, VehSellerNotes, and VehTrans
mission as NaN.[] 
 []


Overfull \hbox (94.14633pt too wide) in paragraph at lines 265--265
[]\OT1/cmtt/m/n/10.95 len(traindf.SellerName.unique()), len(traindf.SellerName.
unique())/len(traindf)[] 
 []


Underfull \vbox (badness 10000) has occurred while \output is active []

 [7]
Overfull \hbox (197.62271pt too wide) in paragraph at lines 312--312
[]\OT1/cmtt/m/n/10.95 #look at distribution of review counts. these include rep
eat-counted values from the same seller.[] 
 []


Underfull \vbox (badness 10000) has occurred while \output is active []

 [8]
Overfull \hbox (7.91602pt too wide) in paragraph at lines 358--358
[]\OT1/cmtt/m/n/10.95 #join regions onto data to see representation of states a
nd view[] 
 []


Overfull \hbox (226.36615pt too wide) in paragraph at lines 359--359
[]\OT1/cmtt/m/n/10.95 regiondata = traindf.join(regions, on = 'SellerState')[['
SellerState', 'State', 'Region', 'Division']][] 
 []


Underfull \vbox (badness 10000) has occurred while \output is active []

 [9]
Overfull \hbox (122.88977pt too wide) in paragraph at lines 392--392
[]\OT1/cmtt/m/n/10.95 # Most of the listings do not have a zip --- this may be 
influenced by online sales.[] 
 []


Underfull \vbox (badness 10000) has occurred while \output is active []

 [10]
Overfull \hbox (168.87927pt too wide) in paragraph at lines 434--434
[]\OT1/cmtt/m/n/10.95 # There are a lot of exterior colors. It will be good to 
reduce these to subproperties like:[] 
 []


Overfull \hbox (410.32416pt too wide) in paragraph at lines 437--437
[]\OT1/cmtt/m/n/10.95 # - descriptive words like metallic, clearcoat, crystal, 
pearlcoat or Pearl Coat/Coat Pearl, tintcoat/tri-coat/tricoat/3-coat, tricoa,[]
 
 []


Overfull \hbox (312.59647pt too wide) in paragraph at lines 439--439
[]\OT1/cmtt/m/n/10.95 # - extra sexy words like diamond, maximum, sangria (?), 
Stellar, Radiant, Passion, ** night edition **, midnight sky[] 
 []


Overfull \hbox (145.88452pt too wide) in paragraph at lines 440--440
[]\OT1/cmtt/m/n/10.95 #     - find out which extra descriptive words are true d
escriptors or simply marketing.[] 
 []


Overfull \hbox (76.90027pt too wide) in paragraph at lines 442--442
[]\OT1/cmtt/m/n/10.95 # It also appears that roof camera information is include
d in some of these.[] 
 []


Overfull \hbox (186.12534pt too wide) in paragraph at lines 447--447
[]\OT1/cmtt/m/n/10.95 def value_count_barplot(series, h = True, title = "plot t
itle", log = False, figsize = (12,6)):[] 
 []


Overfull \hbox (295.3504pt too wide) in paragraph at lines 462--462
[]\OT1/cmtt/m/n/10.95 value_count_barplot(traindf['VehColorExt'], title = "exte
rior color representation", log = True, figsize = (6,40))[] 
 []


Overfull \hbox (266.60696pt too wide) in paragraph at lines 468--468
[]\OT1/cmtt/m/n/10.95 # Separate these into color and texture as well. Many are
 overlapping, for instance the repeat 'black' types.[] 
 []


Underfull \vbox (badness 10000) has occurred while \output is active []

 [11]
Overfull \hbox (295.3504pt too wide) in paragraph at lines 473--473
[]\OT1/cmtt/m/n/10.95 value_count_barplot(traindf['VehColorInt'], title = 'Inte
rior color representation', log = True, figsize = (6,40))[] 
 []


Overfull \hbox (122.88977pt too wide) in paragraph at lines 479--479
[]\OT1/cmtt/m/n/10.95 # some of these are repeats, such as many different ways 
of writing All Wheel Drive.[] 
 []


Overfull \hbox (36.65945pt too wide) in paragraph at lines 480--480
[]\OT1/cmtt/m/n/10.95 # Some are overlapping or ambiguous, such as 2WD. Is that
 FWD or RWD?[] 
 []


Overfull \hbox (99.89502pt too wide) in paragraph at lines 485--485
[]\OT1/cmtt/m/n/10.95 value_count_barplot(traindf['VehDriveTrain'], title = 'Dr
ive Train', log = True)[] 
 []


Overfull \hbox (623.0256pt too wide) in paragraph at lines 496--496
[]\OT1/cmtt/m/n/10.95 # - special (HEMI, supercharged, MDS == Multi displacemen
t, vvt variable valve timing, DI diesel direct, natural aspiration, mpfi multi 
port, DOHC dual overhead camshaft )[] 
 []


Overfull \hbox (341.3399pt too wide) in paragraph at lines 498--498
[]\OT1/cmtt/m/n/10.95 # These are tough because most cars may have DOHC, certai
nly they all have "horsepower", but not every entry reports them.[] 
 []


Overfull \hbox (232.11484pt too wide) in paragraph at lines 503--503
[]\OT1/cmtt/m/n/10.95 value_count_barplot(traindf['VehEngine'], title = 'Engine
 represenation', log = True, figsize = (6,20))[] 
 []


Overfull \hbox (772.49149pt too wide) in paragraph at lines 515--515
[]\OT1/cmtt/m/n/10.95 # Lot of good info here. It appears to be well-written an
d organized --- information filled automatically rather than written manually l
ike the previous. These should be flattened for value counts.[] 
 []


Underfull \vbox (badness 10000) has occurred while \output is active []

 [12]
Overfull \hbox (117.14108pt too wide) in paragraph at lines 522--522
[]\OT1/cmtt/m/n/10.95 traindf['VehFeats'] = traindf['VehFeats'].dropna().apply(
lambda entry: eval(entry))[] 
 []


Overfull \hbox (7.91602pt too wide) in paragraph at lines 542--542
[]\OT1/cmtt/m/n/10.95 feat for feats in traindf['VehFeats'].dropna() for feat i
n feats[] 
 []


Underfull \vbox (badness 10000) has occurred while \output is active []

 [13]
Overfull \hbox (94.14633pt too wide) in paragraph at lines 565--565
[]\OT1/cmtt/m/n/10.95 # There is an unknown entry that is not used often, this 
can be mixed with NaN.[] 
 []


Overfull \hbox (364.33466pt too wide) in paragraph at lines 582--582
[]\OT1/cmtt/m/n/10.95 # string split this over number of previous owners, as we
ll as other features to track. Looks regulated (not manually entered)[] 
 []


Underfull \vbox (badness 10000) has occurred while \output is active []

 [14]
Overfull \hbox (2.16733pt too wide) in paragraph at lines 613--613
[]\OT1/cmtt/m/n/10.95 #look at listed days with price. high price ones may go f
aster.[] 
 []


Overfull \hbox (30.91077pt too wide) in paragraph at lines 614--614
[]\OT1/cmtt/m/n/10.95 plt.scatter(traindf['VehListdays'], traindf['Dealer_Listi
ng_Price'])[] 
 []


Overfull \hbox (30.91077pt too wide) in paragraph at lines 622--622
[]\OT1/cmtt/m/n/10.95 # Only Jeeps and Cadillacs. None missing. About twice as 
many Jeeps.[] 
 []


Overfull \hbox (186.12534pt too wide) in paragraph at lines 634--634
[]\OT1/cmtt/m/n/10.95 # What happens after 50,000 miles? Something special? The
re is a big dropoff in listings there.[] 
 []


Overfull \hbox (404.57547pt too wide) in paragraph at lines 636--636
[]\OT1/cmtt/m/n/10.95 # The prices for the long-milage ones do not sink as low 
as the lowest pre-50k ones. These must be cars with something extra special.[] 

 []


Underfull \vbox (badness 10000) has occurred while \output is active []

 [15]
Overfull \hbox (25.16208pt too wide) in paragraph at lines 652--652
[]\OT1/cmtt/m/n/10.95 plt.scatter(traindf['VehMileage'], traindf['Dealer_Listin
g_Price'])[] 
 []


Overfull \hbox (128.63846pt too wide) in paragraph at lines 676--676
[]\OT1/cmtt/m/n/10.95 # Many of these are missing. Missing ones may all be the 
same, probably a "bad deal".[] 
 []


Overfull \hbox (128.63846pt too wide) in paragraph at lines 688--688
[]\OT1/cmtt/m/n/10.95 traindf[traindf['VehPriceLabel'].isna()]['Dealer_Listing_
Price'].hist(density = True)[] 
 []


Underfull \vbox (badness 10000) has occurred while \output is active []

 [16]
Overfull \hbox (594.28217pt too wide) in paragraph at lines 700--700
[]\OT1/cmtt/m/n/10.95 # This will be tough to parse, as it's seller specific an
d manually entered. Much of this information is likely copied in other features
 (history, feats, colors,...).[] 
 []


Overfull \hbox (168.87927pt too wide) in paragraph at lines 701--701
[]\OT1/cmtt/m/n/10.95 # It may be valuable to look through some to see if there
 is any unusual words to grab onto.[] 
 []


Overfull \hbox (743.74805pt too wide) in paragraph at lines 729--729
[]\OT1/cmtt/m/n/10.95 # It looks like most of these are like drivetrain --- man
ually entered, with a lot of overlap due to typos and other ways of writing. Th
ese can be reduced to a smaller number of transmissions.[] 
 []


Overfull \hbox (1088.66931pt too wide) in paragraph at lines 740--740
[]\OT1/cmtt/m/n/10.95 # Straightforward model year. This could be turned into d
ummies (each model is different). It is not the year it was manufactured, so it
 cannot be turned into a vehicle age. Mileage is perhaps a better estimator of 
effective age as it relates to value.[] 
 []


Underfull \vbox (badness 10000) has occurred while \output is active []

 [17]
Overfull \hbox (1387.60107pt too wide) in paragraph at lines 751--751
[]\OT1/cmtt/m/n/10.95 # there are a lot of vehicle trims. Some of these seem to
 overlap. For the sake of this problem, I will treat these as different classes
, so the test predictions match the training data. However, in a "real situatio
n", I'd investigate to see which of these are the same, and reduce the number o
f classes.[] 
 []


Overfull \hbox (65.4029pt too wide) in paragraph at lines 767--767
[]\OT1/cmtt/m/n/10.95 traindf['Dealer_Listing_Price'].hist(bins = np.linspace(1
5000,100000,86));[] 
 []


Overfull \hbox (479.30841pt too wide) in paragraph at lines 778--778
[]\OT1/cmtt/m/n/10.95 correlation_features = ['SellerIsPriv', 'SellerRating', '
SellerRevCnt','VehCertified','VehListdays','VehMileage','VehYear','Dealer_Listi
ng_Price'][] 
 []

) (2_processing.tex
Underfull \vbox (badness 10000) has occurred while \output is active []

 [18]
Overfull \hbox (1347.36026pt too wide) in paragraph at lines 8--8
[]\OT1/cmtt/m/n/10.95 # This notebook prepares the data for modeling. Null valu
es in numeric data are imputed. Lists of car features are cleaned and consolida
ted (for example, colors `black` and `Black` are considered the same). Strings 
and lists of string features are split, and the most common are made into dummi
es.[] 
 []


Underfull \vbox (badness 10000) has occurred while \output is active []

 [19]
Overfull \hbox (1353.10895pt too wide) in paragraph at lines 59--59
[]\OT1/cmtt/m/n/10.95 # Although SellerCity did not appear to influence the ave
rage dealer listing price, it is possible that patterns with SellerCity could b
e paired with other features to derive the value. This will not be effective in
 a linear regression model but could be grabbed onto in a decision tree / NN / 
etc.[] 
 []


Overfull \hbox (53.90552pt too wide) in paragraph at lines 64--64
[]\OT1/cmtt/m/n/10.95 #make dummies for Seller Cities with the most sales in th
e training set.[] 
 []


Overfull \hbox (53.90552pt too wide) in paragraph at lines 65--65
[]\OT1/cmtt/m/n/10.95 #perhaps a bit arbitrary, but let's cut it off at cities 
above 30 sales.[] 
 []


Overfull \hbox (19.41339pt too wide) in paragraph at lines 67--67
[]\OT1/cmtt/m/n/10.95 cities = traindf['SellerCity'].value_counts(ascending= Fa
lse)[:20][] 
 []


Overfull \hbox (209.12009pt too wide) in paragraph at lines 75--75
[]\OT1/cmtt/m/n/10.95 # takes a dataframe, a column to expand upon, and a list 
of values for that column to make dummies.[] 
 []


Overfull \hbox (48.15683pt too wide) in paragraph at lines 76--76
[]\OT1/cmtt/m/n/10.95 # any value in the column that is not in the dummy_list w
ill be ignored[] 
 []


Overfull \hbox (255.10959pt too wide) in paragraph at lines 78--78
[]\OT1/cmtt/m/n/10.95 #the purpose of this is to make the same ordered columns 
in the training set as in any test set. Otherwise,[] 
 []


Overfull \hbox (203.3714pt too wide) in paragraph at lines 79--79
[]\OT1/cmtt/m/n/10.95 #the dummy columns may notinclude the same cities, if the
re is a different frequency distribution,[] 
 []


Overfull \hbox (237.86353pt too wide) in paragraph at lines 86--86
[]\OT1/cmtt/m/n/10.95 df2[column + '_' + str(dummy_value)] = df2[column].apply(
lambda entry: 1 if entry == dummy_value else 0)[] 
 []


Underfull \vbox (badness 10000) has occurred while \output is active []

 [20]
Overfull \hbox (145.88452pt too wide) in paragraph at lines 100--100
[]\OT1/cmtt/m/n/10.95 # Only two are nulls --- this will leave those as the onl
y 0 for dummies. (no dropfirst)[] 
 []


Overfull \hbox (243.61221pt too wide) in paragraph at lines 101--101
[]\OT1/cmtt/m/n/10.95 # Again, `pd.get_dummies` could be a problem if there are
 a different order. Make dummy columns manually.[] 
 []


Overfull \hbox (19.41339pt too wide) in paragraph at lines 113--113
[]\OT1/cmtt/m/n/10.95 traindf = make_specific_dummies(traindf, 'SellerListSrc',
 sources)[] 
 []


Overfull \hbox (341.3399pt too wide) in paragraph at lines 117--117
[]\OT1/cmtt/m/n/10.95 # Treat this like cities, with the most popular names mar
ked. Again, arbitrarily for now, just picking the top 20 sellers.[] 
 []


Overfull \hbox (7.91602pt too wide) in paragraph at lines 118--118
[]\OT1/cmtt/m/n/10.95 # Some sellers might be tied with low prices for certain 
models.[] 
 []


Overfull \hbox (237.86353pt too wide) in paragraph at lines 123--123
[]\OT1/cmtt/m/n/10.95 #not taking unique because there are so many. order by va
lue count first, then take the first collection[] 
 []


Overfull \hbox (30.91077pt too wide) in paragraph at lines 124--124
[]\OT1/cmtt/m/n/10.95 sellers = traindf['SellerName'].value_counts(ascending = 
False)[:20][] 
 []


Overfull \hbox (2.16733pt too wide) in paragraph at lines 132--132
[]\OT1/cmtt/m/n/10.95 traindf = make_specific_dummies(traindf, 'SellerName', se
llers)[] 
 []


Overfull \hbox (554.04135pt too wide) in paragraph at lines 136--136
[]\OT1/cmtt/m/n/10.95 # All 50 states are represented. The limit of US states m
eans that we can drop one. Let's make it HI just because it has the fewest sale
s in this training set.[] 
 []


Underfull \vbox (badness 10000) has occurred while \output is active []

 [21]
Overfull \hbox (65.4029pt too wide) in paragraph at lines 141--141
[]\OT1/cmtt/m/n/10.95 states = traindf['SellerState'].value_counts(ascending = 
False).index[:-1][] 
 []


Overfull \hbox (88.39764pt too wide) in paragraph at lines 165--165
[]\OT1/cmtt/m/n/10.95 #    - gray, platinum, silver, steel, granite, billet, bi
lliet, Gy, sil, rhino[] 
 []


Overfull \hbox (117.14108pt too wide) in paragraph at lines 173--173
[]\OT1/cmtt/m/n/10.95 #    - deep red, dark red, deep cherry red, burgundy, san
gria, deep auburn, maroon,[] 
 []


Underfull \vbox (badness 10000) has occurred while \output is active []

 [22]
Overfull \hbox (295.3504pt too wide) in paragraph at lines 196--196
[]\OT1/cmtt/m/n/10.95 colors = ['silver', 'black','white', 'blue', 'brown', 'ta
n', 'gold', 'purple', 'deep red', 'red', 'green', 'pink'][] 
 []


Overfull \hbox (157.3819pt too wide) in paragraph at lines 198--198
[]\OT1/cmtt/m/n/10.95 textures = ['metallic', 'pearl', 'crystal', 'diamond', 'c
learcoat', 'tintcoat', 'tricoat'][] 
 []


Overfull \hbox (232.11484pt too wide) in paragraph at lines 200--200
[]\OT1/cmtt/m/n/10.95 silvers = ['gray', 'platinum', 'silver', 'steel', 'granit
e', 'billet', 'billiet', 'Gy', 'sil', 'rhino'][] 
 []


Overfull \hbox (191.87402pt too wide) in paragraph at lines 206--206
[]\OT1/cmtt/m/n/10.95 deepreds = ['deep red','dark red','deep cherry red','burg
undy','sangria','deep auburn','maroon'][] 
 []


Overfull \hbox (375.83203pt too wide) in paragraph at lines 219--219
[]\OT1/cmtt/m/n/10.95 #create new dummy columns for basic colors. some will ove
rlap (red, deep red, black forest green), but will largely be separated[] 
 []


Overfull \hbox (427.57022pt too wide) in paragraph at lines 220--220
[]\OT1/cmtt/m/n/10.95 color_synonyms = zip(colors, [silvers, blacks, whites, ['
blue'], browns, tans, ['gold'], purples, deepreds, ['red'],['green'], ['pink']]
)[] 
 []


Overfull \hbox (720.7533pt too wide) in paragraph at lines 227--227
[]\OT1/cmtt/m/n/10.95 traindf['ext_' + this_color] = traindf[['VehColorExt','ex
t_' + this_color]].apply(lambda entry: 1 if synonym in entry['VehColorExt'].low
er() or entry['ext_' + this_color] else 0, axis = 1)[] 
 []


Underfull \vbox (badness 10000) has occurred while \output is active []

 [23]
Overfull \hbox (105.6437pt too wide) in paragraph at lines 250--250
[]\OT1/cmtt/m/n/10.95 #make the dummy value 1 if the synonym is in the descript
ion or if it's already 1[] 
 []


Overfull \hbox (766.7428pt too wide) in paragraph at lines 251--251
[]\OT1/cmtt/m/n/10.95 traindf['ext_' + this_texture] = traindf[['VehColorExt', 
'ext_' + this_texture]].apply(lambda entry: 1 if synonym in entry['VehColorExt'
].lower() or entry['ext_' + this_texture] else 0 , axis = 1)[] 
 []


Underfull \vbox (badness 10000) has occurred while \output is active []

 [24]
Underfull \vbox (badness 10000) has occurred while \output is active []

 [25]
Overfull \hbox (19.41339pt too wide) in paragraph at lines 348--348
[]\OT1/cmtt/m/n/10.95 #fill the new column if the scanned column has any of the
 synonyms[] 
 []


Overfull \hbox (105.6437pt too wide) in paragraph at lines 350--350
[]\OT1/cmtt/m/n/10.95 #make the dummy value 1 if the synonym is in the descript
ion or if it's already 1[] 
 []


Overfull \hbox (732.25067pt too wide) in paragraph at lines 351--351
[]\OT1/cmtt/m/n/10.95 traindf['int_' + this_color] = traindf[['VehColorInt', 'i
nt_' + this_color]].apply(lambda entry: 1 if synonym in entry['VehColorInt'].lo
wer() or entry['int_' + this_color] else 0 , axis = 1)[] 
 []


Overfull \hbox (203.3714pt too wide) in paragraph at lines 361--361
[]\OT1/cmtt/m/n/10.95 # scans through df[column] for anything in a synonym list
, makes new columns with synonym headers.[] 
 []


Underfull \vbox (badness 10000) has occurred while \output is active []

 [26]
Overfull \hbox (19.41339pt too wide) in paragraph at lines 368--368
[]\OT1/cmtt/m/n/10.95 def make_synonym_dummies(df, column, new_column_prefix, s
ynonyms):[] 
 []


Overfull \hbox (19.41339pt too wide) in paragraph at lines 376--376
[]\OT1/cmtt/m/n/10.95 #fill the new column if the scanned column has any of the
 synonyms[] 
 []


Overfull \hbox (105.6437pt too wide) in paragraph at lines 378--378
[]\OT1/cmtt/m/n/10.95 #make the dummy value 1 if the synonym is in the descript
ion or if it's already 1[] 
 []


Overfull \hbox (898.96262pt too wide) in paragraph at lines 379--379
[]\OT1/cmtt/m/n/10.95 df2[new_column_prefix + '_' + this_value] = df2[[column, 
new_column_prefix + '_' + this_value]].apply(lambda entry: 1 if synonym in entr
y[column].lower() or entry[new_column_prefix + '_' + this_value] else 0 , axis 
= 1)[] 
 []


Overfull \hbox (19.41339pt too wide) in paragraph at lines 382--382
[]\OT1/cmtt/m/n/10.95 def make_inclusive_dummies(df, column, new_column_prefix,
 values):[] 
 []


Overfull \hbox (180.37665pt too wide) in paragraph at lines 385--385
[]\OT1/cmtt/m/n/10.95 df2[new_column_prefix + '_' + value] = df2[column].apply(
lambda entry: value in entry.lower())[] 
 []


Overfull \hbox (48.15683pt too wide) in paragraph at lines 394--394
[]\OT1/cmtt/m/n/10.95 traindf = make_inclusive_dummies(traindf, 'VehColorInt', 
'int', styles)[] 
 []


Overfull \hbox (65.4029pt too wide) in paragraph at lines 401--401
[]\OT1/cmtt/m/n/10.95 traindf = make_inclusive_dummies(traindf, 'VehColorInt', 
'int', materials)[] 
 []


Underfull \vbox (badness 10000) has occurred while \output is active []

 [27]
Overfull \hbox (306.84778pt too wide) in paragraph at lines 414--414
[]\OT1/cmtt/m/n/10.95 # Split these into two, 4x4/AWD and FWD/2WD. There are fi
ne distinctions in cars in reality, but this data is mixed.[] 
 []


Underfull \vbox (badness 10000) has occurred while \output is active []

 [28]
Overfull \hbox (163.13058pt too wide) in paragraph at lines 479--479
[]\OT1/cmtt/m/n/10.95 traindf = make_synonym_dummies(traindf, 'VehDriveTrain', 
'drivetrain', drivetrain_synonyms)[] 
 []


Overfull \hbox (416.07285pt too wide) in paragraph at lines 489--489
[]\OT1/cmtt/m/n/10.95 # A lot of these engine values are included in `VehFeats`
. Instead of regexing a bunch of engine values, I'll grab them from the feats.[
] 
 []


Underfull \vbox (badness 10000) has occurred while \output is active []

 [29]
Overfull \hbox (117.14108pt too wide) in paragraph at lines 504--504
[]\OT1/cmtt/m/n/10.95 traindf['VehFeats'] = traindf['VehFeats'].dropna().apply(
lambda entry: eval(entry))[] 
 []


Overfull \hbox (7.91602pt too wide) in paragraph at lines 512--512
[]\OT1/cmtt/m/n/10.95 feat for feats in traindf['VehFeats'].dropna() for feat i
n feats[] 
 []


Overfull \hbox (186.12534pt too wide) in paragraph at lines 537--537
[]\OT1/cmtt/m/n/10.95 traindf['feat_' + feat] = traindf['VehFeats'].dropna().ap
ply(lambda featlist: feat in featlist)[] 
 []


Underfull \vbox (badness 10000) has occurred while \output is active []

 [30]
Overfull \hbox (203.3714pt too wide) in paragraph at lines 574--574
[]\OT1/cmtt/m/n/10.95 traindf['VehHistory'] = traindf['VehHistory'].apply(lambd
a this_history: this_history.split(', '))[] 
 []


Overfull \hbox (19.41339pt too wide) in paragraph at lines 582--582
[]\OT1/cmtt/m/n/10.95 hist for hists in traindf['VehHistory'].dropna() for hist
 in hists[] 
 []


Underfull \vbox (badness 10000) has occurred while \output is active []

 [31]
Overfull \hbox (197.62271pt too wide) in paragraph at lines 596--596
[]\OT1/cmtt/m/n/10.95 traindf['hist_' + hist] = traindf['VehHistory'].dropna().
apply(lambda histlist: hist in histlist)[] 
 []


Overfull \hbox (88.39764pt too wide) in paragraph at lines 612--612
[]\OT1/cmtt/m/n/10.95 traindf['VehListdays'].fillna(traindf['VehListdays'].medi
an(), inplace = True)[] 
 []


Overfull \hbox (76.90027pt too wide) in paragraph at lines 632--632
[]\OT1/cmtt/m/n/10.95 traindf['VehMileage'].fillna(traindf['VehMileage'].median
(), inplace = True)[] 
 []


Underfull \vbox (badness 10000) has occurred while \output is active []

 [32]
Overfull \hbox (53.90552pt too wide) in paragraph at lines 637--637
[]\OT1/cmtt/m/n/10.95 # These are 1:1 with Make since there are only two models
 and two makes.[] 
 []


Overfull \hbox (59.6542pt too wide) in paragraph at lines 647--647
[]\OT1/cmtt/m/n/10.95 # I'm guessing missing values are "bad". These will be th
e missing dummy.[] 
 []


Overfull \hbox (42.40814pt too wide) in paragraph at lines 659--659
[]\OT1/cmtt/m/n/10.95 traindf = make_specific_dummies(traindf,'VehPriceLabel', 
price_labels)[] 
 []


Overfull \hbox (301.09909pt too wide) in paragraph at lines 664--664
[]\OT1/cmtt/m/n/10.95 # I'd love to go through this to mark off important notes
. But that will take time that I unfortunately don't have.[] 
 []


Underfull \vbox (badness 10000) has occurred while \output is active []

 [33]
Overfull \hbox (255.10959pt too wide) in paragraph at lines 684--684
[]\OT1/cmtt/m/n/10.95 # These are overwhelmingly 8-speed automatic. I don't thi
nk I will be able to extract much use out of this.[] 
 []


Underfull \vbox (badness 10000) has occurred while \output is active []

 [34]
Overfull \hbox (203.3714pt too wide) in paragraph at lines 744--744
[]\OT1/cmtt/m/n/10.95 #many rows are missing dealer list price, unfortunately. 
Drop these for now --- that's our target.[] 
 []


Overfull \hbox (490.80579pt too wide) in paragraph at lines 758--758
[]\OT1/cmtt/m/n/10.95 # Ideally a lot of this would be made with a single pytho
n script and some nice custom functions. For the sake of this challenge, I am c
opy-pasting.[] 
 []


Underfull \vbox (badness 10000) has occurred while \output is active []

 [35]
Overfull \hbox (7.91602pt too wide) in paragraph at lines 771--771
[]\OT1/cmtt/m/n/10.95 testdf = make_specific_dummies(testdf, 'SellerListSrc', s
ources)[] 
 []


Overfull \hbox (709.25592pt too wide) in paragraph at lines 780--780
[]\OT1/cmtt/m/n/10.95 testdf['ext_' + this_color] = testdf[['VehColorExt','ext_
' + this_color]].apply(lambda entry: 1 if synonym in entry['VehColorExt'].lower
() or entry['ext_' + this_color] else 0, axis = 1)[] 
 []


Overfull \hbox (105.6437pt too wide) in paragraph at lines 786--786
[]\OT1/cmtt/m/n/10.95 #make the dummy value 1 if the synonym is in the descript
ion or if it's already 1[] 
 []


Overfull \hbox (755.24542pt too wide) in paragraph at lines 787--787
[]\OT1/cmtt/m/n/10.95 testdf['ext_' + this_texture] = testdf[['VehColorExt', 'e
xt_' + this_texture]].apply(lambda entry: 1 if synonym in entry['VehColorExt'].
lower() or entry['ext_' + this_texture] else 0 , axis = 1)[] 
 []


Overfull \hbox (19.41339pt too wide) in paragraph at lines 794--794
[]\OT1/cmtt/m/n/10.95 #fill the new column if the scanned column has any of the
 synonyms[] 
 []


Overfull \hbox (105.6437pt too wide) in paragraph at lines 796--796
[]\OT1/cmtt/m/n/10.95 #make the dummy value 1 if the synonym is in the descript
ion or if it's already 1[] 
 []


Overfull \hbox (720.7533pt too wide) in paragraph at lines 797--797
[]\OT1/cmtt/m/n/10.95 testdf['int_' + this_color] = testdf[['VehColorInt', 'int
_' + this_color]].apply(lambda entry: 1 if synonym in entry['VehColorInt'].lowe
r() or entry['int_' + this_color] else 0 , axis = 1)[] 
 []


Overfull \hbox (36.65945pt too wide) in paragraph at lines 798--798
[]\OT1/cmtt/m/n/10.95 testdf = make_inclusive_dummies(testdf, 'VehColorInt', 'i
nt', styles)[] 
 []


Overfull \hbox (53.90552pt too wide) in paragraph at lines 799--799
[]\OT1/cmtt/m/n/10.95 testdf = make_inclusive_dummies(testdf, 'VehColorInt', 'i
nt', materials)[] 
 []


Overfull \hbox (151.63321pt too wide) in paragraph at lines 801--801
[]\OT1/cmtt/m/n/10.95 testdf = make_synonym_dummies(testdf, 'VehDriveTrain', 'd
rivetrain', drivetrain_synonyms)[] 
 []


Overfull \hbox (105.6437pt too wide) in paragraph at lines 802--802
[]\OT1/cmtt/m/n/10.95 testdf['VehFeats'] = testdf['VehFeats'].dropna().apply(la
mbda entry: eval(entry))[] 
 []


Overfull \hbox (174.62796pt too wide) in paragraph at lines 805--805
[]\OT1/cmtt/m/n/10.95 testdf['feat_' + feat] = testdf['VehFeats'].dropna().appl
y(lambda featlist: feat in featlist)[] 
 []


Overfull \hbox (191.87402pt too wide) in paragraph at lines 809--809
[]\OT1/cmtt/m/n/10.95 testdf['VehHistory'] = testdf['VehHistory'].apply(lambda 
this_history: this_history.split(', '))[] 
 []


Overfull \hbox (186.12534pt too wide) in paragraph at lines 811--811
[]\OT1/cmtt/m/n/10.95 testdf['hist_' + hist] = testdf['VehHistory'].dropna().ap
ply(lambda histlist: hist in histlist)[] 
 []


Overfull \hbox (76.90027pt too wide) in paragraph at lines 812--812
[]\OT1/cmtt/m/n/10.95 testdf['VehListdays'].fillna(testdf['VehListdays'].median
(), inplace = True)[] 
 []


Overfull \hbox (65.4029pt too wide) in paragraph at lines 814--814
[]\OT1/cmtt/m/n/10.95 testdf['VehMileage'].fillna(testdf['VehMileage'].median()
, inplace = True)[] 
 []


Overfull \hbox (30.91077pt too wide) in paragraph at lines 815--815
[]\OT1/cmtt/m/n/10.95 testdf = make_specific_dummies(testdf,'VehPriceLabel', pr
ice_labels)[] 
 []


Underfull \vbox (badness 10000) has occurred while \output is active []

 [36]
Overfull \hbox (122.88977pt too wide) in paragraph at lines 849--849
[]\OT1/cmtt/m/n/10.95 #The testing data has one fewer column --- that's the dea
ler price in training data![] 
 []


Underfull \vbox (badness 10000) has occurred while \output is active []

 [37])
(3_model.tex
Overfull \hbox (243.61221pt too wide) in paragraph at lines 8--8
[]\OT1/cmtt/m/n/10.95 # This notebook creates a linear regression model from th
e training data and applies it to the test data.[] 
 []


Overfull \hbox (42.40814pt too wide) in paragraph at lines 19--19
[]\OT1/cmtt/m/n/10.95 from sklearn.model_selection import cross_val_score#, tra
in_test_split[] 
 []


Underfull \vbox (badness 10000) has occurred while \output is active []

 [38]
Overfull \hbox (65.4029pt too wide) in paragraph at lines 42--42
[]\OT1/cmtt/m/n/10.95 #just to double-check, the training and testing data colu
mns are the same.[] 
 []


Overfull \hbox (105.6437pt too wide) in paragraph at lines 59--59
[]\OT1/cmtt/m/n/10.95 # actually, no need to tts. Just use cross_val_score. The
 linear fit is the same.[] 
 []


Overfull \hbox (76.90027pt too wide) in paragraph at lines 60--60
[]\OT1/cmtt/m/n/10.95 # Xtrain, Xtest, ytrain, ytest = train_test_split(X, y, r
andom_state = 1916)[] 
 []


Overfull \hbox (59.6542pt too wide) in paragraph at lines 66--66
[]\OT1/cmtt/m/n/10.95 #instantiate and fit a linear model to the training data 
using 5 cv folds[] 
 []


Underfull \vbox (badness 10000) has occurred while \output is active []

 [39]
Overfull \hbox (36.65945pt too wide) in paragraph at lines 75--75
[]\OT1/cmtt/m/n/10.95 # the fit is O.K. Use the linear regression on the test s
et and save.[] 
 []


Overfull \hbox (329.84253pt too wide) in paragraph at lines 88--88
[]\OT1/cmtt/m/n/10.95 #the mean and std of the predicted values for the test se
t are similar to the dealer listing prices in the training set.[] 
 []


Underfull \vbox (badness 10000) has occurred while \output is active []

 [40]
Overfull \hbox (82.64896pt too wide) in paragraph at lines 120--120
[]\OT1/cmtt/m/n/10.95 trimdata = pd.read_csv('../data/train_trim_data.csv', ind
ex_col='Unnamed: 0')[] 
 []


Overfull \hbox (13.6647pt too wide) in paragraph at lines 158--158
[]\OT1/cmtt/m/n/10.95 #     trim_index = list(unique_trim_list).index(some_trim
_string)[] 
 []


Underfull \vbox (badness 10000) has occurred while \output is active []

 [41]
Overfull \hbox (2520.09256pt too wide) in paragraph at lines 208--208
[]\OT1/cmtt/m/n/10.95 get_ipython().run_cell_magic('time', '', "\n#duplicate da
ta with underrepresented classes\nnewdf = pd.DataFrame([], columns = traindf.co
lumns)\n\nfor vehicle_trim_class in traindf['Vehicle_Trim'].value_counts().inde
x:\n    print(vehicle_trim_class)\n    keep_going = True\n    while keep_going:
\n        newdf = pd.concat([newdf, traindf[traindf['Vehicle_Trim'] == vehicle_
trim_class]])\n        if len(newdf[newdf['Vehicle_Trim'] == vehicle_trim_class
]) > 600:\n            keep_going = False\n    ")[] 
 []


Underfull \vbox (badness 10000) has occurred while \output is active []

 [42]
Overfull \hbox (157.3819pt too wide) in paragraph at lines 229--229
[]\OT1/cmtt/m/n/10.95 model.compile(optimizer = 'adam', loss='categorical_cross
entropy', metrics = ['accuracy'])[] 
 []


Overfull \hbox (13.6647pt too wide) in paragraph at lines 237--237
[]\OT1/cmtt/m/n/10.95 X = newdf.drop(columns = ['Dealer_Listing_Price','Vehicle
_Trim'])[] 
 []


Overfull \hbox (232.11484pt too wide) in paragraph at lines 238--238
[]\OT1/cmtt/m/n/10.95 y = pd.DataFrame(newdf['Vehicle_Trim'].apply(lambda this_
trim: encode_trim(this_trim,trims)).to_list())[] 
 []


Overfull \hbox (881.71655pt too wide) in paragraph at lines 250--250
[]\OT1/cmtt/m/n/10.95 get_ipython().run_cell_magic('time', '', 'epochs = 5120\n
batch_size = 256\nhistory = model.fit(\n    X,\n    y,\n    batch_size = batch_
size,\n    epochs=epochs,\n    validation_split = 0.2,\n    verbose = False\n)'
)[] 
 []


Underfull \vbox (badness 10000) has occurred while \output is active []

 [43]
Overfull \hbox (128.63846pt too wide) in paragraph at lines 256--256
[]\OT1/cmtt/m/n/10.95 acc_hist, val_acc_hist = history.history['accuracy'], his
tory.history['val_accuracy'][] 
 []


Overfull \hbox (2.16733pt too wide) in paragraph at lines 267--267
[]\OT1/cmtt/m/n/10.95 #this is not good at all. Just train it on the unbalanced
 data.[] 
 []


Overfull \hbox (157.3819pt too wide) in paragraph at lines 282--282
[]\OT1/cmtt/m/n/10.95 model.compile(optimizer = 'adam', loss='categorical_cross
entropy', metrics = ['accuracy'])[] 
 []


Overfull \hbox (25.16208pt too wide) in paragraph at lines 290--290
[]\OT1/cmtt/m/n/10.95 X = traindf.drop(columns = ['Dealer_Listing_Price','Vehic
le_Trim'])[] 
 []


Overfull \hbox (243.61221pt too wide) in paragraph at lines 291--291
[]\OT1/cmtt/m/n/10.95 y = pd.DataFrame(traindf['Vehicle_Trim'].apply(lambda thi
s_trim: encode_trim(this_trim,trims)).to_list())[] 
 []


Overfull \hbox (875.96786pt too wide) in paragraph at lines 297--297
[]\OT1/cmtt/m/n/10.95 get_ipython().run_cell_magic('time', '', 'epochs = 512\nb
atch_size = 256\nhistory = model.fit(\n    X,\n    y,\n    batch_size = batch_s
ize,\n    epochs=epochs,\n    validation_split = 0.2,\n    verbose = False\n)')
[] 
 []


Underfull \vbox (badness 10000) has occurred while \output is active []

 [44]
Overfull \hbox (128.63846pt too wide) in paragraph at lines 303--303
[]\OT1/cmtt/m/n/10.95 acc_hist, val_acc_hist = history.history['accuracy'], his
tory.history['val_accuracy'][] 
 []


Overfull \hbox (88.39764pt too wide) in paragraph at lines 316--316
[]\OT1/cmtt/m/n/10.95 for prediction in model.predict(testdf.drop(columns = 'De
aler_Listing_Price'))[] 
 []


Overfull \hbox (214.86877pt too wide) in paragraph at lines 329--329
[]\OT1/cmtt/m/n/10.95 predictions = pd.DataFrame(zip(preds, model_preds), colum
ns = ['Dealer_List_Price', 'Vehicle_Trim'])[] 
 []


Underfull \vbox (badness 10000) has occurred while \output is active []

 [45])
Package atveryend Info: Empty hook `BeforeClearDocument' on input line 23.

[46]
Package atveryend Info: Empty hook `AfterLastShipout' on input line 23.
 (writeup.aux)
Package atveryend Info: Executing hook `AtVeryEndDocument' on input line 23.
Package atveryend Info: Executing hook `AtEndAfterFileList' on input line 23.
Package rerunfilecheck Info: File `writeup.out' has not changed.
(rerunfilecheck)             Checksum: D65487769A9872BA8A8FB2A83C13CE3A;226.
Package atveryend Info: Empty hook `AtVeryVeryEnd' on input line 23.
 ) 
Here is how much of TeX's memory you used:
 5421 strings out of 492946
 77016 string characters out of 3135527
 171103 words of memory out of 3000000
 9086 multiletter control sequences out of 15000+200000
 9409 words of font info for 37 fonts, out of 3000000 for 9000
 1302 hyphenation exceptions out of 8191
 34i,5n,29p,540b,456s stack positions out of 5000i,500n,10000p,200000b,50000s
<C:/Program Files/MiKTeX 2.9/fonts/type1/public/amsfonts/cm/cmbx10.pfb><C:/Pr
ogram Files/MiKTeX 2.9/fonts/type1/public/amsfonts/cm/cmmi10.pfb><C:/Program Fi
les/MiKTeX 2.9/fonts/type1/public/amsfonts/cm/cmr10.pfb><C:/Program Files/MiKTe
X 2.9/fonts/type1/public/amsfonts/cm/cmr7.pfb><C:/Program Files/MiKTeX 2.9/font
s/type1/public/amsfonts/cm/cmr8.pfb><C:/Program Files/MiKTeX 2.9/fonts/type1/pu
blic/amsfonts/cm/cmsy10.pfb><C:/Program Files/MiKTeX 2.9/fonts/type1/public/ams
fonts/cm/cmtt10.pfb>
Output written on writeup.pdf (46 pages, 142560 bytes).
PDF statistics:
 260 PDF objects out of 1000 (max. 8388607)
 51 named destinations out of 1000 (max. 500000)
 33 words of extra memory for PDF output out of 10000 (max. 10000000)

